Unhandled rejection Error: spawn phantomjs ENOENT
    at exports._errnoException (util.js:953:11)
    at Process.ChildProcess._handle.onexit (internal/child_process.js:182:32)
    at onErrorNT (internal/child_process.js:348:16)
    at _combinedTickCallback (internal/process/next_tick.js:74:11)
    at process._tickDomainCallback (internal/process/next_tick.js:122:9)
Unhandled rejection HeadlessError: Phantom immediately exited with: 1
    at ChildProcess.immediateExit (/app/node_modules/scraper-engine/node_modules/node-phantom-simple/node-phantom-simple.js:153:23)
    at ChildProcess.g (events.js:286:16)
    at emitTwo (events.js:106:13)
    at ChildProcess.emit (events.js:191:7)
    at Process.ChildProcess._handle.onexit (internal/child_process.js:204:12)
Unhandled rejection Error: Failed to load url
    at checkStatus (/app/node_modules/scraper-engine/node_modules/node-horseman/lib/index.js:276:16)
    at tryCatcher (/app/node_modules/scraper-engine/node_modules/bluebird/js/release/util.js:16:23)
    at Function.Promise.attempt.Promise.try (/app/node_modules/scraper-engine/node_modules/bluebird/js/release/method.js:39:29)
    at Object.loadFinishedSetup [as onLoadFinished] (/app/node_modules/scraper-engine/node_modules/node-horseman/lib/index.js:274:43)
    at /app/node_modules/scraper-engine/node_modules/node-phantom-simple/node-phantom-simple.js:636:30
    at Array.forEach (native)
    at IncomingMessage.<anonymous> (/app/node_modules/scraper-engine/node_modules/node-phantom-simple/node-phantom-simple.js:617:17)
    at emitNone (events.js:91:20)
    at IncomingMessage.emit (events.js:185:7)
    at endReadableNT (_stream_readable.js:926:12)
    at _combinedTickCallback (internal/process/next_tick.js:74:11)
    at process._tickDomainCallback (internal/process/next_tick.js:122:9)
Unhandled rejection Error: Failed to POST url: https://ibank.klikbca.com/accountstmt.do?value(actions)=acctstmtview
    at checkStatus (/app/node_modules/scraper-engine/node_modules/node-horseman/lib/actions.js:78:16)
    at PassThroughHandlerContext.finallyHandler (/app/node_modules/scraper-engine/node_modules/bluebird/js/release/finally.js:56:23)
    at PassThroughHandlerContext.tryCatcher (/app/node_modules/scraper-engine/node_modules/bluebird/js/release/util.js:16:23)
    at Promise._settlePromiseFromHandler (/app/node_modules/scraper-engine/node_modules/bluebird/js/release/promise.js:503:31)
    at Promise._settlePromise (/app/node_modules/scraper-engine/node_modules/bluebird/js/release/promise.js:560:18)
    at Promise._settlePromise0 (/app/node_modules/scraper-engine/node_modules/bluebird/js/release/promise.js:605:10)
    at Promise._settlePromises (/app/node_modules/scraper-engine/node_modules/bluebird/js/release/promise.js:684:18)
    at Promise._fulfill (/app/node_modules/scraper-engine/node_modules/bluebird/js/release/promise.js:629:18)
    at /app/node_modules/scraper-engine/node_modules/bluebird/js/release/nodeback.js:42:21
    at /app/node_modules/scraper-engine/node_modules/node-phantom-simple/node-phantom-simple.js:60:18
    at IncomingMessage.<anonymous> (/app/node_modules/scraper-engine/node_modules/node-phantom-simple/node-phantom-simple.js:645:9)
    at emitNone (events.js:91:20)
    at IncomingMessage.emit (events.js:185:7)
    at endReadableNT (_stream_readable.js:926:12)
    at _combinedTickCallback (internal/process/next_tick.js:74:11)
    at process._tickDomainCallback (internal/process/next_tick.js:122:9)
ReferenceError: express is not defined
    at Object.<anonymous> (/app/app.js:3:21)
    at Module._compile (module.js:541:32)
    at Object.Module._extensions..js (module.js:550:10)
    at Module.load (module.js:458:32)
    at tryModuleLoad (module.js:417:12)
    at Function.Module._load (module.js:409:3)
    at Function._load (/usr/lib/node_modules/pm2/node_modules/pmx/lib/transaction.js:62:21)
    at Object.<anonymous> (/usr/lib/node_modules/pm2/lib/ProcessContainerFork.js:46:21)
    at Module._compile (module.js:541:32)
    at Object.Module._extensions..js (module.js:550:10)
ReferenceError: express is not defined
    at Object.<anonymous> (/app/app.js:3:21)
    at Module._compile (module.js:541:32)
    at Object.Module._extensions..js (module.js:550:10)
    at Module.load (module.js:458:32)
    at tryModuleLoad (module.js:417:12)
    at Function.Module._load (module.js:409:3)
    at Function._load (/usr/lib/node_modules/pm2/node_modules/pmx/lib/transaction.js:62:21)
    at Object.<anonymous> (/usr/lib/node_modules/pm2/lib/ProcessContainerFork.js:46:21)
    at Module._compile (module.js:541:32)
    at Object.Module._extensions..js (module.js:550:10)
ReferenceError: express is not defined
    at Object.<anonymous> (/app/app.js:3:21)
    at Module._compile (module.js:541:32)
    at Object.Module._extensions..js (module.js:550:10)
    at Module.load (module.js:458:32)
    at tryModuleLoad (module.js:417:12)
    at Function.Module._load (module.js:409:3)
    at Function._load (/usr/lib/node_modules/pm2/node_modules/pmx/lib/transaction.js:62:21)
    at Object.<anonymous> (/usr/lib/node_modules/pm2/lib/ProcessContainerFork.js:46:21)
    at Module._compile (module.js:541:32)
    at Object.Module._extensions..js (module.js:550:10)
ReferenceError: express is not defined
    at Object.<anonymous> (/app/app.js:3:21)
    at Module._compile (module.js:541:32)
    at Object.Module._extensions..js (module.js:550:10)
    at Module.load (module.js:458:32)
    at tryModuleLoad (module.js:417:12)
    at Function.Module._load (module.js:409:3)
    at Function._load (/usr/lib/node_modules/pm2/node_modules/pmx/lib/transaction.js:62:21)
    at Object.<anonymous> (/usr/lib/node_modules/pm2/lib/ProcessContainerFork.js:46:21)
    at Module._compile (module.js:541:32)
    at Object.Module._extensions..js (module.js:550:10)
ReferenceError: express is not defined
    at Object.<anonymous> (/app/app.js:3:21)
    at Module._compile (module.js:541:32)
    at Object.Module._extensions..js (module.js:550:10)
    at Module.load (module.js:458:32)
    at tryModuleLoad (module.js:417:12)
    at Function.Module._load (module.js:409:3)
    at Function._load (/usr/lib/node_modules/pm2/node_modules/pmx/lib/transaction.js:62:21)
    at Object.<anonymous> (/usr/lib/node_modules/pm2/lib/ProcessContainerFork.js:46:21)
    at Module._compile (module.js:541:32)
    at Object.Module._extensions..js (module.js:550:10)
ReferenceError: express is not defined
    at Object.<anonymous> (/app/app.js:3:21)
    at Module._compile (module.js:541:32)
    at Object.Module._extensions..js (module.js:550:10)
    at Module.load (module.js:458:32)
    at tryModuleLoad (module.js:417:12)
    at Function.Module._load (module.js:409:3)
    at Function._load (/usr/lib/node_modules/pm2/node_modules/pmx/lib/transaction.js:62:21)
    at Object.<anonymous> (/usr/lib/node_modules/pm2/lib/ProcessContainerFork.js:46:21)
    at Module._compile (module.js:541:32)
    at Object.Module._extensions..js (module.js:550:10)
ReferenceError: express is not defined
    at Object.<anonymous> (/app/app.js:3:21)
    at Module._compile (module.js:541:32)
    at Object.Module._extensions..js (module.js:550:10)
    at Module.load (module.js:458:32)
    at tryModuleLoad (module.js:417:12)
    at Function.Module._load (module.js:409:3)
    at Function._load (/usr/lib/node_modules/pm2/node_modules/pmx/lib/transaction.js:62:21)
    at Object.<anonymous> (/usr/lib/node_modules/pm2/lib/ProcessContainerFork.js:46:21)
    at Module._compile (module.js:541:32)
    at Object.Module._extensions..js (module.js:550:10)
ReferenceError: express is not defined
    at Object.<anonymous> (/app/app.js:3:21)
    at Module._compile (module.js:541:32)
    at Object.Module._extensions..js (module.js:550:10)
    at Module.load (module.js:458:32)
    at tryModuleLoad (module.js:417:12)
    at Function.Module._load (module.js:409:3)
    at Function._load (/usr/lib/node_modules/pm2/node_modules/pmx/lib/transaction.js:62:21)
    at Object.<anonymous> (/usr/lib/node_modules/pm2/lib/ProcessContainerFork.js:46:21)
    at Module._compile (module.js:541:32)
    at Object.Module._extensions..js (module.js:550:10)
ReferenceError: express is not defined
    at Object.<anonymous> (/app/app.js:3:21)
    at Module._compile (module.js:541:32)
    at Object.Module._extensions..js (module.js:550:10)
    at Module.load (module.js:458:32)
    at tryModuleLoad (module.js:417:12)
    at Function.Module._load (module.js:409:3)
    at Function._load (/usr/lib/node_modules/pm2/node_modules/pmx/lib/transaction.js:62:21)
    at Object.<anonymous> (/usr/lib/node_modules/pm2/lib/ProcessContainerFork.js:46:21)
    at Module._compile (module.js:541:32)
    at Object.Module._extensions..js (module.js:550:10)
ReferenceError: express is not defined
    at Object.<anonymous> (/app/app.js:3:21)
    at Module._compile (module.js:541:32)
    at Object.Module._extensions..js (module.js:550:10)
    at Module.load (module.js:458:32)
    at tryModuleLoad (module.js:417:12)
    at Function.Module._load (module.js:409:3)
    at Function._load (/usr/lib/node_modules/pm2/node_modules/pmx/lib/transaction.js:62:21)
    at Object.<anonymous> (/usr/lib/node_modules/pm2/lib/ProcessContainerFork.js:46:21)
    at Module._compile (module.js:541:32)
    at Object.Module._extensions..js (module.js:550:10)
ReferenceError: express is not defined
    at Object.<anonymous> (/app/app.js:3:21)
    at Module._compile (module.js:541:32)
    at Object.Module._extensions..js (module.js:550:10)
    at Module.load (module.js:458:32)
    at tryModuleLoad (module.js:417:12)
    at Function.Module._load (module.js:409:3)
    at Function._load (/usr/lib/node_modules/pm2/node_modules/pmx/lib/transaction.js:62:21)
    at Object.<anonymous> (/usr/lib/node_modules/pm2/lib/ProcessContainerFork.js:46:21)
    at Module._compile (module.js:541:32)
    at Object.Module._extensions..js (module.js:550:10)
ReferenceError: express is not defined
    at Object.<anonymous> (/app/app.js:3:21)
    at Module._compile (module.js:541:32)
    at Object.Module._extensions..js (module.js:550:10)
    at Module.load (module.js:458:32)
    at tryModuleLoad (module.js:417:12)
    at Function.Module._load (module.js:409:3)
    at Function._load (/usr/lib/node_modules/pm2/node_modules/pmx/lib/transaction.js:62:21)
    at Object.<anonymous> (/usr/lib/node_modules/pm2/lib/ProcessContainerFork.js:46:21)
    at Module._compile (module.js:541:32)
    at Object.Module._extensions..js (module.js:550:10)
ReferenceError: express is not defined
    at Object.<anonymous> (/app/app.js:3:21)
    at Module._compile (module.js:541:32)
    at Object.Module._extensions..js (module.js:550:10)
    at Module.load (module.js:458:32)
    at tryModuleLoad (module.js:417:12)
    at Function.Module._load (module.js:409:3)
    at Function._load (/usr/lib/node_modules/pm2/node_modules/pmx/lib/transaction.js:62:21)
    at Object.<anonymous> (/usr/lib/node_modules/pm2/lib/ProcessContainerFork.js:46:21)
    at Module._compile (module.js:541:32)
    at Object.Module._extensions..js (module.js:550:10)
ReferenceError: express is not defined
    at Object.<anonymous> (/app/app.js:3:21)
    at Module._compile (module.js:541:32)
    at Object.Module._extensions..js (module.js:550:10)
    at Module.load (module.js:458:32)
    at tryModuleLoad (module.js:417:12)
    at Function.Module._load (module.js:409:3)
    at Function._load (/usr/lib/node_modules/pm2/node_modules/pmx/lib/transaction.js:62:21)
    at Object.<anonymous> (/usr/lib/node_modules/pm2/lib/ProcessContainerFork.js:46:21)
    at Module._compile (module.js:541:32)
    at Object.Module._extensions..js (module.js:550:10)
ReferenceError: express is not defined
    at Object.<anonymous> (/app/app.js:3:21)
    at Module._compile (module.js:541:32)
    at Object.Module._extensions..js (module.js:550:10)
    at Module.load (module.js:458:32)
    at tryModuleLoad (module.js:417:12)
    at Function.Module._load (module.js:409:3)
    at Function._load (/usr/lib/node_modules/pm2/node_modules/pmx/lib/transaction.js:62:21)
    at Object.<anonymous> (/usr/lib/node_modules/pm2/lib/ProcessContainerFork.js:46:21)
    at Module._compile (module.js:541:32)
    at Object.Module._extensions..js (module.js:550:10)
ReferenceError: express is not defined
    at Object.<anonymous> (/app/app.js:3:21)
    at Module._compile (module.js:541:32)
    at Object.Module._extensions..js (module.js:550:10)
    at Module.load (module.js:458:32)
    at tryModuleLoad (module.js:417:12)
    at Function.Module._load (module.js:409:3)
    at Function._load (/usr/lib/node_modules/pm2/node_modules/pmx/lib/transaction.js:62:21)
    at Object.<anonymous> (/usr/lib/node_modules/pm2/lib/ProcessContainerFork.js:46:21)
    at Module._compile (module.js:541:32)
    at Object.Module._extensions..js (module.js:550:10)
Unhandled rejection TimeoutError: timeout duing .waitForNextPage() after 15021 ms
    at Timeout.<anonymous> (/app/node_modules/scraper-engine/node_modules/node-horseman/lib/actions.js:1556:15)
    at Timeout.wrapper (timers.js:417:11)
    at tryOnTimeout (timers.js:224:11)
    at Timer.listOnTimeout (timers.js:198:5)
Unhandled rejection TimeoutError: timeout duing .waitForNextPage() after 15024 ms
    at Timeout.<anonymous> (/app/node_modules/scraper-engine/node_modules/node-horseman/lib/actions.js:1556:15)
    at Timeout.wrapper (timers.js:417:11)
    at tryOnTimeout (timers.js:224:11)
    at Timer.listOnTimeout (timers.js:198:5)
Unhandled rejection TimeoutError: timeout duing .waitForNextPage() after 15030 ms
    at Timeout.<anonymous> (/app/node_modules/scraper-engine/node_modules/node-horseman/lib/actions.js:1556:15)
    at Timeout.wrapper (timers.js:417:11)
    at tryOnTimeout (timers.js:224:11)
    at Timer.listOnTimeout (timers.js:198:5)
Unhandled rejection TimeoutError: timeout duing .waitForNextPage() after 15016 ms
    at Timeout.<anonymous> (/app/node_modules/scraper-engine/node_modules/node-horseman/lib/actions.js:1556:15)
    at Timeout.wrapper (timers.js:417:11)
    at tryOnTimeout (timers.js:224:11)
    at Timer.listOnTimeout (timers.js:198:5)
Unhandled rejection Error: Failed to load url
    at checkStatus (/app/node_modules/scraper-engine/node_modules/node-horseman/lib/index.js:276:16)
    at tryCatcher (/app/node_modules/scraper-engine/node_modules/bluebird/js/release/util.js:16:23)
    at Function.Promise.attempt.Promise.try (/app/node_modules/scraper-engine/node_modules/bluebird/js/release/method.js:39:29)
    at Object.loadFinishedSetup [as onLoadFinished] (/app/node_modules/scraper-engine/node_modules/node-horseman/lib/index.js:274:43)
    at /app/node_modules/scraper-engine/node_modules/node-phantom-simple/node-phantom-simple.js:636:30
    at Array.forEach (native)
    at IncomingMessage.<anonymous> (/app/node_modules/scraper-engine/node_modules/node-phantom-simple/node-phantom-simple.js:617:17)
    at emitNone (events.js:91:20)
    at IncomingMessage.emit (events.js:185:7)
    at endReadableNT (_stream_readable.js:926:12)
    at _combinedTickCallback (internal/process/next_tick.js:74:11)
    at process._tickDomainCallback (internal/process/next_tick.js:122:9)
Unhandled rejection Error: Failed to POST url: https://ibank.klikbca.com/accountstmt.do?value(actions)=acctstmtview
    at checkStatus (/app/node_modules/scraper-engine/node_modules/node-horseman/lib/actions.js:78:16)
    at PassThroughHandlerContext.finallyHandler (/app/node_modules/scraper-engine/node_modules/bluebird/js/release/finally.js:56:23)
    at PassThroughHandlerContext.tryCatcher (/app/node_modules/scraper-engine/node_modules/bluebird/js/release/util.js:16:23)
    at Promise._settlePromiseFromHandler (/app/node_modules/scraper-engine/node_modules/bluebird/js/release/promise.js:503:31)
    at Promise._settlePromise (/app/node_modules/scraper-engine/node_modules/bluebird/js/release/promise.js:560:18)
    at Promise._settlePromise0 (/app/node_modules/scraper-engine/node_modules/bluebird/js/release/promise.js:605:10)
    at Promise._settlePromises (/app/node_modules/scraper-engine/node_modules/bluebird/js/release/promise.js:684:18)
    at Promise._fulfill (/app/node_modules/scraper-engine/node_modules/bluebird/js/release/promise.js:629:18)
    at /app/node_modules/scraper-engine/node_modules/bluebird/js/release/nodeback.js:42:21
    at /app/node_modules/scraper-engine/node_modules/node-phantom-simple/node-phantom-simple.js:60:18
    at IncomingMessage.<anonymous> (/app/node_modules/scraper-engine/node_modules/node-phantom-simple/node-phantom-simple.js:645:9)
    at emitNone (events.js:91:20)
    at IncomingMessage.emit (events.js:185:7)
    at endReadableNT (_stream_readable.js:926:12)
    at _combinedTickCallback (internal/process/next_tick.js:74:11)
    at process._tickDomainCallback (internal/process/next_tick.js:122:9)
Unhandled rejection TimeoutError: timeout duing .waitForNextPage() after 15012 ms
    at Timeout.<anonymous> (/app/node_modules/scraper-engine/node_modules/node-horseman/lib/actions.js:1556:15)
    at Timeout.wrapper (timers.js:417:11)
    at tryOnTimeout (timers.js:224:11)
    at Timer.listOnTimeout (timers.js:198:5)
