scraper engine ready!
Listening on port 4000
scraper engine ready!
Listening on port 80
load script /app/favicon.ico.js
load script /app/bca.js
value%28D1%29=0&value%28r1%29=1&value%28startDt%29=2&value%28startMt%29=5&value%28startYr%29=2016&value%28endDt%29=10&value%28endMt%29=5&value%28endYr%29=2016&value%28fDt%29=&value%28tDt%29=&value%28submit1%29=View+Account+Statement
load script /app/bca.js
value%28D1%29=0&value%28r1%29=1&value%28startDt%29=2&value%28startMt%29=5&value%28startYr%29=2016&value%28endDt%29=10&value%28endMt%29=5&value%28endYr%29=2016&value%28fDt%29=&value%28tDt%29=&value%28submit1%29=View+Account+Statement
scraper engine ready!
Listening on port 80
load script /app/bca.js
value%28D1%29=0&value%28r1%29=1&value%28startDt%29=3&value%28startMt%29=5&value%28startYr%29=2016&value%28endDt%29=10&value%28endMt%29=5&value%28endYr%29=2016&value%28fDt%29=&value%28tDt%29=&value%28submit1%29=View+Account+Statement
7
next
on Response
load script /app/bca_balance.js
7
next
load script /app/bca.js
value%28D1%29=0&value%28r1%29=1&value%28startDt%29=27&value%28startMt%29=5&value%28startYr%29=2016&value%28endDt%29=28&value%28endMt%29=5&value%28endYr%29=2016&value%28fDt%29=&value%28tDt%29=&value%28submit1%29=View+Account+Statement
7
load script /app/robots.txt.js
load script /app/editor.html.js
load script /app/editor.html.js
load script /app/getting-started.html.js
load script /app/testproxy.php.js
load script /app/favicon.ico.js
load script /app/bca.js
value%28D1%29=0&value%28r1%29=1&value%28startDt%29=2&value%28startMt%29=5&value%28startYr%29=2016&value%28endDt%29=3&value%28endMt%29=5&value%28endYr%29=2016&value%28fDt%29=&value%28tDt%29=&value%28submit1%29=View+Account+Statement
7
next
on Response
scraper engine ready!
Listening on port 80
scraper engine ready!
Listening on port 80
load script /app/index.html.js
load script /app/index.html.js
scraper engine ready!
Listening on port 80
load script /app/index.html.js
load script /app/index.html.js
scraper engine ready!
Listening on port 80
scraper engine ready!
Listening on port 80
load script /app/okok.js
scraper engine ready!
Listening on port 80
load script /app/okok.js
load script /app/okok.js
load script /app/okok.js
scraper engine ready!
Listening on port 80
load script /app/okok.js
load script /app/okok.js
load script /app/okok.js
load script /app/okok.js
scraper engine ready!
Listening on port 80
load script /app/okok.js
scraper engine ready!
Listening on port 80
load script /app/okok.js
load script /app/okok.js
load script /app/okok.js
load script /app/okok.js
load script /app/okok.js
scraper engine ready!
Listening on port 80
load script /app/testproxy.php.js
load script /app/x.js
load script /app/phpMyAdmin.js
load script /app/av.php.js
load script /app/testproxy.php.js
load script /app/av.php.js
load script /app/bca_balance.js
load script /app/bca_balance.js
load script /app/favicon.ico.js
load script /app/bca.js
load script /app/bca.js
load script /app/bca.js
load script /app/bca_balance.js
7
load script /app/bca_balance.js
7
next
load script /app/bca.js
load script /app/bca_balance.js
load script /app/bca.js
load script /app/bca.js
value%28D1%29=0&value%28r1%29=1&value%28startDt%29=0&value%28startMt%29=5&value%28startYr%29=2016&value%28endDt%29=31&value%28endMt%29=5&value%28endYr%29=2016&value%28fDt%29=&value%28tDt%29=&value%28submit1%29=View+Account+Statement
7
load script /app/bca.js
value%28D1%29=0&value%28r1%29=1&value%28startDt%29=0&value%28startMt%29=5&value%28startYr%29=2016&value%28endDt%29=31&value%28endMt%29=5&value%28endYr%29=2016&value%28fDt%29=&value%28tDt%29=&value%28submit1%29=View+Account+Statement
7
load script /app/bca.js
load script /app/bca.js
load script /app/bca_balance.js
load script /app/azenvaa.php.js
load script /app/bca.js
load script /app/bca.js
load script /app/bca.js
load script /app/bca_balance.js
7
load script /app/testproxy.php.js
load script /app/phpMyAdmin.js
load script /app/phpMyAdmin.js
load script /app/phpMyAdmin.js
load script /app/testproxy.php.js
load script /app/ivy.js
load script /app/hndUnblock.cgi.js
load script /app/tmUnblock.cgi.js
load script /app/azenvaa.php.js
load script /app/bca_balance.js
7
next
load script /app/azenv.php.js
load script /app/testproxy.php.js
load script /app/bca_balance.js
load script /app/bca_balance.js
load script /app/testproxy.php.js
load script /app/robots.txt.js
load script /app/sitemap.xml.js
load script /app/CFIDE.js
load script /app/testproxy.php.js
load script /app/azenv.php.js
load script /app/azenv.php.js
load script /app/bca.js
load script /app/bca.js
load script /app/bca.js
value%28D1%29=0&value%28r1%29=1&value%28startDt%29=1&value%28startMt%29=6&value%28startYr%29=2016&value%28endDt%29=5&value%28endMt%29=6&value%28endYr%29=2016&value%28fDt%29=&value%28tDt%29=&value%28submit1%29=View+Account+Statement
7
load script /app/bca.js
value%28D1%29=0&value%28r1%29=1&value%28startDt%29=1&value%28startMt%29=6&value%28startYr%29=2016&value%28endDt%29=5&value%28endMt%29=6&value%28endYr%29=2016&value%28fDt%29=&value%28tDt%29=&value%28submit1%29=View+Account+Statement
7
next
on Response
load script /app/phpMyAdmin.js
load script /app/phpMyAdmin.js
load script /app/azenv.php.js
load script /app/azenv.php.js
load script /app/x.js
load script /app/azenv.php.js
load script /app/echo.php.js
load script /app/phpMyAdmin.js
load script /app/robots.txt.js
load script /app/manager.js
load script /app/user.js
load script /app/bca.js
value%28D1%29=0&value%28r1%29=1&value%28startDt%29=5&value%28startMt%29=6&value%28startYr%29=2016&value%28endDt%29=9&value%28endMt%29=6&value%28endYr%29=2016&value%28fDt%29=&value%28tDt%29=&value%28submit1%29=View+Account+Statement
7
next
on Response
load script /app/robots.txt.js
load script /app/manager.js
load script /app/CHANGELOG.txt.js
load script /app/readme.html.js
load script /app/phpMyAdmin.js
load script /app/hndUnblock.cgi.js
load script /app/tmUnblock.cgi.js
load script /app/nice ports,.js
load script /app/xmlrpc.php.js
load script /app/robots.txt.js
load script /app/sitemap.xml.js
load script /app/info.js
load script /app/cgi.js
load script /app/stssys.htm.js
load script /app/x.js
load script /app/robots.txt.js
load script /app/sitemap.xml.js
load script /app/phpMyAdmin.js
load script /app/muieblackcat.js
load script /app/redirect.php.js
load script /app/phpmyadmin.js
load script /app/robots.txt.js
load script /app/phpmyadmin.js
load script /app/phpmyadmin.js
load script /app/phpmyadmin.js
load script /app/CFIDE.js
load script /app/bca_balance.js
7
load script /app/manager.js
load script /app/phpmyadmin.js
load script /app/HNAP1.js
load script /app/phpmyadmin.js
load script /app/hndUnblock.cgi.js
load script /app/tmUnblock.cgi.js
load script /app/phpmyadmin.js
load script /app/phpMyAdmin.js
load script /app/phpMyAdmin.js
load script /app/phpMyAdmin.js
load script /app/phpMyAdmin.js
load script /app/bca_balance.js
load script /app/bca_balance.js
load script /app/bca_balance.js
7
next
load script /app/bca.js
value%28D1%29=0&value%28r1%29=1&value%28startDt%29=1&value%28startMt%29=6&value%28startYr%29=2016&value%28endDt%29=23&value%28endMt%29=6&value%28endYr%29=2016&value%28fDt%29=&value%28tDt%29=&value%28submit1%29=View+Account+Statement
7
next
on Response
load script /app/phpMyAdmin.js
load script /app/phpMyAdmin.js
load script /app/robots.txt.js
load script /app/xmlrpc.php.js
load script /app/x.js
load script /app/muieblackcat.js
load script /app/404.js
load script /app/xmlrpc.php.js
load script /app/command.php.js
load script /app/tmUnblock.cgi.js
load script /app/command.php.js
load script /app/w00tw00t.at.blackhats.romanian.anti-sec:).js
load script /app/proxychecker.js
load script /app/manager.js
load script /app/manager.js
load script /app/manager.js
load script /app/invoker.js
load script /app/invoker.js
load script /app/phpmyadmin.js
load script /app/robots.txt.js
load script /app/phpMyAdmin.js
load script /app/CFIDE.js
load script /app/photo.js
load script /app/x.js
load script /app/wp.js
load script /app/robots.txt.js
load script /app/robots.txt.js
load script /app/CHANGELOG.txt.js
load script /app/readme.html.js
load script /app/appserv.js
load script /app/phpmyadmin.js
load script /app/appserv.js
load script /app/manager.js
load script /app/hndUnblock.cgi.js
load script /app/tmUnblock.cgi.js
load script /app/cgi.js
load script /app/stssys.htm.js
load script /app/muieblackcat.js
load script /app/robots.txt.js
load script /app/check_proxy.js
load script /app/w00tw00t.at.blackhats.romanian.anti-sec:).js
load script /app/xmlrpc.php.js
load script /app/manager.js
load script /app/phpMyAdmin.js
load script /app/phpmyadmin.js
load script /app/manager.js
load script /app/ncsi.txt.js
load script /app/HNAP1.js
load script /app/manager.js
load script /app/bca.js
load script /app/bca.js
value%28D1%29=0&value%28r1%29=2&value%28x%29=1&value%28fDt%29=0101&value%28tDt%29=3101&value%28submit1%29=View+Account+Statement
7
next
on Response
load script /app/nagiosxi.js
load script /app/check_proxy.js
load script /app/invoker.js
load script /app/jenkins.js
load script /app/nmaplowercheck1468556052.js
load script /app/Listadeparametros.html.js
load script /app/img.js
load script /app/HNAP1.js
load script /app/pools.js
load script /app/img.js
load script /app/css.js
load script /app/js.js
load script /app/stats.js
load script /app/robots.txt.js
load script /app/sitemap.xml.js
load script /app/hndUnblock.cgi.js
load script /app/tmUnblock.cgi.js
load script /app/cgi.js
load script /app/stssys.htm.js
load script /app/command.php.js
load script /app/nice ports,.js
load script /app/.htaccess.js
load script /app/robots.txt.js
load script /app/robots.txt.js
load script /app/xmlrpc.php.js
load script /app/hndUnblock.cgi.js
load script /app/tmUnblock.cgi.js
load script /app/cgi.js
load script /app/stssys.htm.js
load script /app/command.php.js
load script /app/redirect.php.js
load script /app/xmlrpc.php.js
load script /app/manager.js
load script /app/favicon.ico.js
scraper engine ready!
Listening on port 81
scraper engine ready!
Listening on port 81
load script /app/w00tw00t.at.ISC.SANS.DFind:).js
load script /app/bca.js
value%28D1%29=0&value%28r1%29=1&value%28startDt%29=1&value%28startMt%29=7&value%28startYr%29=2016&value%28endDt%29=29&value%28endMt%29=7&value%28endYr%29=2016&value%28fDt%29=&value%28tDt%29=&value%28submit1%29=View+Account+Statement
7
next
on Response
load script /app/bca.js
load script /app/bca.js
load script /app/bca.js
load script /app/bca.js
value%28D1%29=0&value%28r1%29=2&value%28x%29=2&value%28fDt%29=0101&value%28tDt%29=3101&value%28submit1%29=View+Account+Statement
7
next
on Response
load script /app/login.action.js
load script /app/login.action.js
load script /app/login.action.js
load script /app/manager.js
load script /app/robots.txt.js
load script /app/sitemap.xml.js
load script /app/manager.js
load script /app/manager.js
load script /app/manager.js
load script /app/manager.js
load script /app/check.js
load script /app/check.js
load script /app/manager.js
load script /app/manager.js
load script /app/robots.txt.js
load script /app/sitemap.xml.js
load script /app/manager.js
load script /app/bca.js
load script /app/bca_balance.js
load script /app/proxychecker.js
load script /app/manager.js
load script /app/CHANGELOG.txt.js
load script /app/readme.html.js
load script /app/manager.js
load script /app/manager.js
load script /app/nice ports,.js
load script /app/bca.js
value%28D1%29=0&value%28r1%29=1&value%28startDt%29=1&value%28startMt%29=9&value%28startYr%29=2016&value%28endDt%29=4&value%28endMt%29=9&value%28endYr%29=2016&value%28fDt%29=&value%28tDt%29=&value%28submit1%29=View+Account+Statement
7
next
on Response
load script /app/manager.js
load script /app/manager.js
load script /app/manager.js
load script /app/manager.js
load script /app/nice ports,.js
load script /app/manager.js
