Error: Cannot find module 'express'
    at Function.Module._resolveFilename (module.js:440:15)
    at Function.Module._load (module.js:388:25)
    at Function._load (/usr/lib/node_modules/pm2/node_modules/pmx/lib/transaction.js:62:21)
    at Module.require (module.js:468:17)
    at require (internal/module.js:20:19)
    at Object.<anonymous> (/web/app.js:1:77)
    at Module._compile (module.js:541:32)
    at Object.Module._extensions..js (module.js:550:10)
    at Module.load (module.js:458:32)
    at tryModuleLoad (module.js:417:12)
Error: Cannot find module 'express'
    at Function.Module._resolveFilename (module.js:440:15)
    at Function.Module._load (module.js:388:25)
    at Function._load (/usr/lib/node_modules/pm2/node_modules/pmx/lib/transaction.js:62:21)
    at Module.require (module.js:468:17)
    at require (internal/module.js:20:19)
    at Object.<anonymous> (/web/app.js:1:77)
    at Module._compile (module.js:541:32)
    at Object.Module._extensions..js (module.js:550:10)
    at Module.load (module.js:458:32)
    at tryModuleLoad (module.js:417:12)
Error: Cannot find module 'express'
    at Function.Module._resolveFilename (module.js:440:15)
    at Function.Module._load (module.js:388:25)
    at Function._load (/usr/lib/node_modules/pm2/node_modules/pmx/lib/transaction.js:62:21)
    at Module.require (module.js:468:17)
    at require (internal/module.js:20:19)
    at Object.<anonymous> (/web/app.js:1:77)
    at Module._compile (module.js:541:32)
    at Object.Module._extensions..js (module.js:550:10)
    at Module.load (module.js:458:32)
    at tryModuleLoad (module.js:417:12)
Error: Cannot find module 'express'
    at Function.Module._resolveFilename (module.js:440:15)
    at Function.Module._load (module.js:388:25)
    at Function._load (/usr/lib/node_modules/pm2/node_modules/pmx/lib/transaction.js:62:21)
    at Module.require (module.js:468:17)
    at require (internal/module.js:20:19)
    at Object.<anonymous> (/web/app.js:1:77)
    at Module._compile (module.js:541:32)
    at Object.Module._extensions..js (module.js:550:10)
    at Module.load (module.js:458:32)
    at tryModuleLoad (module.js:417:12)
Error: Cannot find module 'express'
    at Function.Module._resolveFilename (module.js:440:15)
    at Function.Module._load (module.js:388:25)
    at Function._load (/usr/lib/node_modules/pm2/node_modules/pmx/lib/transaction.js:62:21)
    at Module.require (module.js:468:17)
    at require (internal/module.js:20:19)
    at Object.<anonymous> (/web/app.js:1:77)
    at Module._compile (module.js:541:32)
    at Object.Module._extensions..js (module.js:550:10)
    at Module.load (module.js:458:32)
    at tryModuleLoad (module.js:417:12)
Error: Cannot find module 'express'
    at Function.Module._resolveFilename (module.js:440:15)
    at Function.Module._load (module.js:388:25)
    at Function._load (/usr/lib/node_modules/pm2/node_modules/pmx/lib/transaction.js:62:21)
    at Module.require (module.js:468:17)
    at require (internal/module.js:20:19)
    at Object.<anonymous> (/web/app.js:1:77)
    at Module._compile (module.js:541:32)
    at Object.Module._extensions..js (module.js:550:10)
    at Module.load (module.js:458:32)
    at tryModuleLoad (module.js:417:12)
Error: Cannot find module 'express'
    at Function.Module._resolveFilename (module.js:440:15)
    at Function.Module._load (module.js:388:25)
    at Function._load (/usr/lib/node_modules/pm2/node_modules/pmx/lib/transaction.js:62:21)
    at Module.require (module.js:468:17)
    at require (internal/module.js:20:19)
    at Object.<anonymous> (/web/app.js:1:77)
    at Module._compile (module.js:541:32)
    at Object.Module._extensions..js (module.js:550:10)
    at Module.load (module.js:458:32)
    at tryModuleLoad (module.js:417:12)
Error: Cannot find module 'express'
    at Function.Module._resolveFilename (module.js:440:15)
    at Function.Module._load (module.js:388:25)
    at Function._load (/usr/lib/node_modules/pm2/node_modules/pmx/lib/transaction.js:62:21)
    at Module.require (module.js:468:17)
    at require (internal/module.js:20:19)
    at Object.<anonymous> (/web/app.js:1:77)
    at Module._compile (module.js:541:32)
    at Object.Module._extensions..js (module.js:550:10)
    at Module.load (module.js:458:32)
    at tryModuleLoad (module.js:417:12)
Error: Cannot find module 'express'
    at Function.Module._resolveFilename (module.js:440:15)
    at Function.Module._load (module.js:388:25)
    at Function._load (/usr/lib/node_modules/pm2/node_modules/pmx/lib/transaction.js:62:21)
    at Module.require (module.js:468:17)
    at require (internal/module.js:20:19)
    at Object.<anonymous> (/web/app.js:1:77)
    at Module._compile (module.js:541:32)
    at Object.Module._extensions..js (module.js:550:10)
    at Module.load (module.js:458:32)
    at tryModuleLoad (module.js:417:12)
Error: Cannot find module 'express'
    at Function.Module._resolveFilename (module.js:440:15)
    at Function.Module._load (module.js:388:25)
    at Function._load (/usr/lib/node_modules/pm2/node_modules/pmx/lib/transaction.js:62:21)
    at Module.require (module.js:468:17)
    at require (internal/module.js:20:19)
    at Object.<anonymous> (/web/app.js:1:77)
    at Module._compile (module.js:541:32)
    at Object.Module._extensions..js (module.js:550:10)
    at Module.load (module.js:458:32)
    at tryModuleLoad (module.js:417:12)
Error: Cannot find module 'express'
    at Function.Module._resolveFilename (module.js:440:15)
    at Function.Module._load (module.js:388:25)
    at Function._load (/usr/lib/node_modules/pm2/node_modules/pmx/lib/transaction.js:62:21)
    at Module.require (module.js:468:17)
    at require (internal/module.js:20:19)
    at Object.<anonymous> (/web/app.js:1:77)
    at Module._compile (module.js:541:32)
    at Object.Module._extensions..js (module.js:550:10)
    at Module.load (module.js:458:32)
    at tryModuleLoad (module.js:417:12)
Error: Cannot find module 'express'
    at Function.Module._resolveFilename (module.js:440:15)
    at Function.Module._load (module.js:388:25)
    at Function._load (/usr/lib/node_modules/pm2/node_modules/pmx/lib/transaction.js:62:21)
    at Module.require (module.js:468:17)
    at require (internal/module.js:20:19)
    at Object.<anonymous> (/web/app.js:1:77)
    at Module._compile (module.js:541:32)
    at Object.Module._extensions..js (module.js:550:10)
    at Module.load (module.js:458:32)
    at tryModuleLoad (module.js:417:12)
Error: Cannot find module 'express'
    at Function.Module._resolveFilename (module.js:440:15)
    at Function.Module._load (module.js:388:25)
    at Function._load (/usr/lib/node_modules/pm2/node_modules/pmx/lib/transaction.js:62:21)
    at Module.require (module.js:468:17)
    at require (internal/module.js:20:19)
    at Object.<anonymous> (/web/app.js:1:77)
    at Module._compile (module.js:541:32)
    at Object.Module._extensions..js (module.js:550:10)
    at Module.load (module.js:458:32)
    at tryModuleLoad (module.js:417:12)
Error: Cannot find module 'express'
    at Function.Module._resolveFilename (module.js:440:15)
    at Function.Module._load (module.js:388:25)
    at Function._load (/usr/lib/node_modules/pm2/node_modules/pmx/lib/transaction.js:62:21)
    at Module.require (module.js:468:17)
    at require (internal/module.js:20:19)
    at Object.<anonymous> (/web/app.js:1:77)
    at Module._compile (module.js:541:32)
    at Object.Module._extensions..js (module.js:550:10)
    at Module.load (module.js:458:32)
    at tryModuleLoad (module.js:417:12)
Error: Cannot find module 'express'
    at Function.Module._resolveFilename (module.js:440:15)
    at Function.Module._load (module.js:388:25)
    at Function._load (/usr/lib/node_modules/pm2/node_modules/pmx/lib/transaction.js:62:21)
    at Module.require (module.js:468:17)
    at require (internal/module.js:20:19)
    at Object.<anonymous> (/web/app.js:1:77)
    at Module._compile (module.js:541:32)
    at Object.Module._extensions..js (module.js:550:10)
    at Module.load (module.js:458:32)
    at tryModuleLoad (module.js:417:12)
Error: Cannot find module 'express'
    at Function.Module._resolveFilename (module.js:440:15)
    at Function.Module._load (module.js:388:25)
    at Function._load (/usr/lib/node_modules/pm2/node_modules/pmx/lib/transaction.js:62:21)
    at Module.require (module.js:468:17)
    at require (internal/module.js:20:19)
    at Object.<anonymous> (/web/app.js:1:77)
    at Module._compile (module.js:541:32)
    at Object.Module._extensions..js (module.js:550:10)
    at Module.load (module.js:458:32)
    at tryModuleLoad (module.js:417:12)
